The target system is: Android - 1 - aarch64
The host system is: Darwin - 22.1.0 - x86_64
Determining if the C compiler works passed with the following output:
Change Dir: /Users/zhoubo/AndroidStudioProjects/AtlasV/matrix/matrix/matrix-android/matrix-memguard/.cxx/cmake/debug/arm64-v8a/CMakeFiles/CMakeTmp

Run Build Command:"/Users/zhoubo/Library/Android/sdk/cmake/3.10.2.4988404/bin/ninja" "cmTC_5447b"
[1/2] Building C object CMakeFiles/cmTC_5447b.dir/testCCompiler.c.o
[2/2] Linking C executable cmTC_5447b


Detecting C compiler ABI info compiled with the following output:
Change Dir: /Users/zhoubo/AndroidStudioProjects/AtlasV/matrix/matrix/matrix-android/matrix-memguard/.cxx/cmake/debug/arm64-v8a/CMakeFiles/CMakeTmp

Run Build Command:"/Users/zhoubo/Library/Android/sdk/cmake/3.10.2.4988404/bin/ninja" "cmTC_b62c2"
[1/2] Building C object CMakeFiles/cmTC_b62c2.dir/CMakeCCompilerABI.c.o
[2/2] Linking C executable cmTC_b62c2
Android (6317467 based on r365631c1) clang version 9.0.8 (https://android.googlesource.com/toolchain/llvm-project e0caee08e5f09b374a27a676d04978c81fcb1928) (based on LLVM 9.0.8svn)
Target: aarch64-none-linux-android21
Thread model: posix
InstalledDir: /Users/zhoubo/Library/Android/sdk/ndk/21.1.6352462/toolchains/llvm/prebuilt/darwin-x86_64/bin
Found candidate GCC installation: /Users/zhoubo/Library/Android/sdk/ndk/21.1.6352462/toolchains/llvm/prebuilt/darwin-x86_64/lib/gcc/aarch64-linux-android/4.9.x
Selected GCC installation: /Users/zhoubo/Library/Android/sdk/ndk/21.1.6352462/toolchains/llvm/prebuilt/darwin-x86_64/lib/gcc/aarch64-linux-android/4.9.x
Candidate multilib: .;@m64
Selected multilib: .;@m64
 "/Users/zhoubo/Library/Android/sdk/ndk/21.1.6352462/toolchains/llvm/prebuilt/darwin-x86_64/lib/gcc/aarch64-linux-android/4.9.x/../../../../aarch64-linux-android/bin/ld" --sysroot=/Users/zhoubo/Library/Android/sdk/ndk/21.1.6352462/toolchains/llvm/prebuilt/darwin-x86_64/sysroot -pie -z noexecstack -EL --fix-cortex-a53-843419 --warn-shared-textrel -z now -z relro -z max-page-size=4096 --hash-style=both --enable-new-dtags --eh-frame-hdr -m aarch64linux -dynamic-linker /system/bin/linker64 -o cmTC_b62c2 /Users/zhoubo/Library/Android/sdk/ndk/21.1.6352462/toolchains/llvm/prebuilt/darwin-x86_64/sysroot/usr/lib/aarch64-linux-android/21/crtbegin_dynamic.o -L/Users/zhoubo/Library/Android/sdk/ndk/21.1.6352462/toolchains/llvm/prebuilt/darwin-x86_64/lib64/clang/9.0.8/lib/linux/aarch64 -L/Users/zhoubo/Library/Android/sdk/ndk/21.1.6352462/toolchains/llvm/prebuilt/darwin-x86_64/lib/gcc/aarch64-linux-android/4.9.x -L/Users/zhoubo/Library/Android/sdk/ndk/21.1.6352462/toolchains/llvm/prebuilt/darwin-x86_64/lib/gcc/aarch64-linux-android/4.9.x/../../../../aarch64-linux-android/lib/../lib64 -L/Users/zhoubo/Library/Android/sdk/ndk/21.1.6352462/toolchains/llvm/prebuilt/darwin-x86_64/sysroot/usr/lib/aarch64-linux-android/21 -L/Users/zhoubo/Library/Android/sdk/ndk/21.1.6352462/toolchains/llvm/prebuilt/darwin-x86_64/sysroot/usr/lib/aarch64-linux-android -L/Users/zhoubo/Library/Android/sdk/ndk/21.1.6352462/toolchains/llvm/prebuilt/darwin-x86_64/lib/gcc/aarch64-linux-android/4.9.x/../../../../aarch64-linux-android/lib -L/Users/zhoubo/Library/Android/sdk/ndk/21.1.6352462/toolchains/llvm/prebuilt/darwin-x86_64/sysroot/usr/lib --exclude-libs libgcc.a --exclude-libs libgcc_real.a --exclude-libs libatomic.a --build-id --fatal-warnings --no-undefined --gc-sections CMakeFiles/cmTC_b62c2.dir/CMakeCCompilerABI.c.o -lgcc -ldl -lc -lgcc -ldl /Users/zhoubo/Library/Android/sdk/ndk/21.1.6352462/toolchains/llvm/prebuilt/darwin-x86_64/sysroot/usr/lib/aarch64-linux-android/21/crtend_android.o


Parsed C implicit link information from above output:
  link line regex: [^( *|.*[/\])(aarch64-linux-android-ld|CMAKE_LINK_STARTFILE-NOTFOUND|([^/\]+-)?ld|collect2)[^/\]*( |$)]
  ignore line: [Change Dir: /Users/zhoubo/AndroidStudioProjects/AtlasV/matrix/matrix/matrix-android/matrix-memguard/.cxx/cmake/debug/arm64-v8a/CMakeFiles/CMakeTmp]
  ignore line: []
  ignore line: [Run Build Command:"/Users/zhoubo/Library/Android/sdk/cmake/3.10.2.4988404/bin/ninja" "cmTC_b62c2"]
  ignore line: [[1/2] Building C object CMakeFiles/cmTC_b62c2.dir/CMakeCCompilerABI.c.o]
  ignore line: [[2/2] Linking C executable cmTC_b62c2]
  ignore line: [Android (6317467 based on r365631c1) clang version 9.0.8 (https://android.googlesource.com/toolchain/llvm-project e0caee08e5f09b374a27a676d04978c81fcb1928) (based on LLVM 9.0.8svn)]
  ignore line: [Target: aarch64-none-linux-android21]
  ignore line: [Thread model: posix]
  ignore line: [InstalledDir: /Users/zhoubo/Library/Android/sdk/ndk/21.1.6352462/toolchains/llvm/prebuilt/darwin-x86_64/bin]
  ignore line: [Found candidate GCC installation: /Users/zhoubo/Library/Android/sdk/ndk/21.1.6352462/toolchains/llvm/prebuilt/darwin-x86_64/lib/gcc/aarch64-linux-android/4.9.x]
  ignore line: [Selected GCC installation: /Users/zhoubo/Library/Android/sdk/ndk/21.1.6352462/toolchains/llvm/prebuilt/darwin-x86_64/lib/gcc/aarch64-linux-android/4.9.x]
  ignore line: [Candidate multilib: .]
  ignore line: [@m64]
  ignore line: [Selected multilib: .]
  ignore line: [@m64]
  link line: [ "/Users/zhoubo/Library/Android/sdk/ndk/21.1.6352462/toolchains/llvm/prebuilt/darwin-x86_64/lib/gcc/aarch64-linux-android/4.9.x/../../../../aarch64-linux-android/bin/ld" --sysroot=/Users/zhoubo/Library/Android/sdk/ndk/21.1.6352462/toolchains/llvm/prebuilt/darwin-x86_64/sysroot -pie -z noexecstack -EL --fix-cortex-a53-843419 --warn-shared-textrel -z now -z relro -z max-page-size=4096 --hash-style=both --enable-new-dtags --eh-frame-hdr -m aarch64linux -dynamic-linker /system/bin/linker64 -o cmTC_b62c2 /Users/zhoubo/Library/Android/sdk/ndk/21.1.6352462/toolchains/llvm/prebuilt/darwin-x86_64/sysroot/usr/lib/aarch64-linux-android/21/crtbegin_dynamic.o -L/Users/zhoubo/Library/Android/sdk/ndk/21.1.6352462/toolchains/llvm/prebuilt/darwin-x86_64/lib64/clang/9.0.8/lib/linux/aarch64 -L/Users/zhoubo/Library/Android/sdk/ndk/21.1.6352462/toolchains/llvm/prebuilt/darwin-x86_64/lib/gcc/aarch64-linux-android/4.9.x -L/Users/zhoubo/Library/Android/sdk/ndk/21.1.6352462/toolchains/llvm/prebuilt/darwin-x86_64/lib/gcc/aarch64-linux-android/4.9.x/../../../../aarch64-linux-android/lib/../lib64 -L/Users/zhoubo/Library/Android/sdk/ndk/21.1.6352462/toolchains/llvm/prebuilt/darwin-x86_64/sysroot/usr/lib/aarch64-linux-android/21 -L/Users/zhoubo/Library/Android/sdk/ndk/21.1.6352462/toolchains/llvm/prebuilt/darwin-x86_64/sysroot/usr/lib/aarch64-linux-android -L/Users/zhoubo/Library/Android/sdk/ndk/21.1.6352462/toolchains/llvm/prebuilt/darwin-x86_64/lib/gcc/aarch64-linux-android/4.9.x/../../../../aarch64-linux-android/lib -L/Users/zhoubo/Library/Android/sdk/ndk/21.1.6352462/toolchains/llvm/prebuilt/darwin-x86_64/sysroot/usr/lib --exclude-libs libgcc.a --exclude-libs libgcc_real.a --exclude-libs libatomic.a --build-id --fatal-warnings --no-undefined --gc-sections CMakeFiles/cmTC_b62c2.dir/CMakeCCompilerABI.c.o -lgcc -ldl -lc -lgcc -ldl /Users/zhoubo/Library/Android/sdk/ndk/21.1.6352462/toolchains/llvm/prebuilt/darwin-x86_64/sysroot/usr/lib/aarch64-linux-android/21/crtend_android.o]
    arg [/Users/zhoubo/Library/Android/sdk/ndk/21.1.6352462/toolchains/llvm/prebuilt/darwin-x86_64/lib/gcc/aarch64-linux-android/4.9.x/../../../../aarch64-linux-android/bin/ld] ==> ignore
    arg [--sysroot=/Users/zhoubo/Library/Android/sdk/ndk/21.1.6352462/toolchains/llvm/prebuilt/darwin-x86_64/sysroot] ==> ignore
    arg [-pie] ==> ignore
    arg [-znoexecstack] ==> ignore
    arg [-EL] ==> ignore
    arg [--fix-cortex-a53-843419] ==> ignore
    arg [--warn-shared-textrel] ==> ignore
    arg [-znow] ==> ignore
    arg [-zrelro] ==> ignore
    arg [-zmax-page-size=4096] ==> ignore
    arg [--hash-style=both] ==> ignore
    arg [--enable-new-dtags] ==> ignore
    arg [--eh-frame-hdr] ==> ignore
    arg [-m] ==> ignore
    arg [aarch64linux] ==> ignore
    arg [-dynamic-linker] ==> ignore
    arg [/system/bin/linker64] ==> ignore
    arg [-o] ==> ignore
    arg [cmTC_b62c2] ==> ignore
    arg [/Users/zhoubo/Library/Android/sdk/ndk/21.1.6352462/toolchains/llvm/prebuilt/darwin-x86_64/sysroot/usr/lib/aarch64-linux-android/21/crtbegin_dynamic.o] ==> ignore
    arg [-L/Users/zhoubo/Library/Android/sdk/ndk/21.1.6352462/toolchains/llvm/prebuilt/darwin-x86_64/lib64/clang/9.0.8/lib/linux/aarch64] ==> dir [/Users/zhoubo/Library/Android/sdk/ndk/21.1.6352462/toolchains/llvm/prebuilt/darwin-x86_64/lib64/clang/9.0.8/lib/linux/aarch64]
    arg [-L/Users/zhoubo/Library/Android/sdk/ndk/21.1.6352462/toolchains/llvm/prebuilt/darwin-x86_64/lib/gcc/aarch64-linux-android/4.9.x] ==> dir [/Users/zhoubo/Library/Android/sdk/ndk/21.1.6352462/toolchains/llvm/prebuilt/darwin-x86_64/lib/gcc/aarch64-linux-android/4.9.x]
    arg [-L/Users/zhoubo/Library/Android/sdk/ndk/21.1.6352462/toolchains/llvm/prebuilt/darwin-x86_64/lib/gcc/aarch64-linux-android/4.9.x/../../../../aarch64-linux-android/lib/../lib64] ==> dir [/Users/zhoubo/Library/Android/sdk/ndk/21.1.6352462/toolchains/llvm/prebuilt/darwin-x86_64/lib/gcc/aarch64-linux-android/4.9.x/../../../../aarch64-linux-android/lib/../lib64]
    arg [-L/Users/zhoubo/Library/Android/sdk/ndk/21.1.6352462/toolchains/llvm/prebuilt/darwin-x86_64/sysroot/usr/lib/aarch64-linux-android/21] ==> dir [/Users/zhoubo/Library/Android/sdk/ndk/21.1.6352462/toolchains/llvm/prebuilt/darwin-x86_64/sysroot/usr/lib/aarch64-linux-android/21]
    arg [-L/Users/zhoubo/Library/Android/sdk/ndk/21.1.6352462/toolchains/llvm/prebuilt/darwin-x86_64/sysroot/usr/lib/aarch64-linux-android] ==> dir [/Users/zhoubo/Library/Android/sdk/ndk/21.1.6352462/toolchains/llvm/prebuilt/darwin-x86_64/sysroot/usr/lib/aarch64-linux-android]
    arg [-L/Users/zhoubo/Library/Android/sdk/ndk/21.1.6352462/toolchains/llvm/prebuilt/darwin-x86_64/lib/gcc/aarch64-linux-android/4.9.x/../../../../aarch64-linux-android/lib] ==> dir [/Users/zhoubo/Library/Android/sdk/ndk/21.1.6352462/toolchains/llvm/prebuilt/darwin-x86_64/lib/gcc/aarch64-linux-android/4.9.x/../../../../aarch64-linux-android/lib]
    arg [-L/Users/zhoubo/Library/Android/sdk/ndk/21.1.6352462/toolchains/llvm/prebuilt/darwin-x86_64/sysroot/usr/lib] ==> dir [/Users/zhoubo/Library/Android/sdk/ndk/21.1.6352462/toolchains/llvm/prebuilt/darwin-x86_64/sysroot/usr/lib]
    arg [--exclude-libs] ==> ignore
    arg [libgcc.a] ==> ignore
    arg [--exclude-libs] ==> ignore
    arg [libgcc_real.a] ==> ignore
    arg [--exclude-libs] ==> ignore
    arg [libatomic.a] ==> ignore
    arg [--build-id] ==> ignore
    arg [--fatal-warnings] ==> ignore
    arg [--no-undefined] ==> ignore
    arg [--gc-sections] ==> ignore
    arg [CMakeFiles/cmTC_b62c2.dir/CMakeCCompilerABI.c.o] ==> ignore
    arg [-lgcc] ==> lib [gcc]
    arg [-ldl] ==> lib [dl]
    arg [-lc] ==> lib [c]
    arg [-lgcc] ==> lib [gcc]
    arg [-ldl] ==> lib [dl]
    arg [/Users/zhoubo/Library/Android/sdk/ndk/21.1.6352462/toolchains/llvm/prebuilt/darwin-x86_64/sysroot/usr/lib/aarch64-linux-android/21/crtend_android.o] ==> ignore
  collapse library dir [/Users/zhoubo/Library/Android/sdk/ndk/21.1.6352462/toolchains/llvm/prebuilt/darwin-x86_64/lib64/clang/9.0.8/lib/linux/aarch64] ==> [/Users/zhoubo/Library/Android/sdk/ndk/21.1.6352462/toolchains/llvm/prebuilt/darwin-x86_64/lib64/clang/9.0.8/lib/linux/aarch64]
  collapse library dir [/Users/zhoubo/Library/Android/sdk/ndk/21.1.6352462/toolchains/llvm/prebuilt/darwin-x86_64/lib/gcc/aarch64-linux-android/4.9.x] ==> [/Users/zhoubo/Library/Android/sdk/ndk/21.1.6352462/toolchains/llvm/prebuilt/darwin-x86_64/lib/gcc/aarch64-linux-android/4.9.x]
  collapse library dir [/Users/zhoubo/Library/Android/sdk/ndk/21.1.6352462/toolchains/llvm/prebuilt/darwin-x86_64/lib/gcc/aarch64-linux-android/4.9.x/../../../../aarch64-linux-android/lib/../lib64] ==> [/Users/zhoubo/Library/Android/sdk/ndk/21.1.6352462/toolchains/llvm/prebuilt/darwin-x86_64/aarch64-linux-android/lib64]
  collapse library dir [/Users/zhoubo/Library/Android/sdk/ndk/21.1.6352462/toolchains/llvm/prebuilt/darwin-x86_64/sysroot/usr/lib/aarch64-linux-android/21] ==> [/Users/zhoubo/Library/Android/sdk/ndk/21.1.6352462/toolchains/llvm/prebuilt/darwin-x86_64/sysroot/usr/lib/aarch64-linux-android/21]
  collapse library dir [/Users/zhoubo/Library/Android/sdk/ndk/21.1.6352462/toolchains/llvm/prebuilt/darwin-x86_64/sysroot/usr/lib/aarch64-linux-android] ==> [/Users/zhoubo/Library/Android/sdk/ndk/21.1.6352462/toolchains/llvm/prebuilt/darwin-x86_64/sysroot/usr/lib/aarch64-linux-android]
  collapse library dir [/Users/zhoubo/Library/Android/sdk/ndk/21.1.6352462/toolchains/llvm/prebuilt/darwin-x86_64/lib/gcc/aarch64-linux-android/4.9.x/../../../../aarch64-linux-android/lib] ==> [/Users/zhoubo/Library/Android/sdk/ndk/21.1.6352462/toolchains/llvm/prebuilt/darwin-x86_64/aarch64-linux-android/lib]
  collapse library dir [/Users/zhoubo/Library/Android/sdk/ndk/21.1.6352462/toolchains/llvm/prebuilt/darwin-x86_64/sysroot/usr/lib] ==> [/Users/zhoubo/Library/Android/sdk/ndk/21.1.6352462/toolchains/llvm/prebuilt/darwin-x86_64/sysroot/usr/lib]
  implicit libs: [gcc;dl;c;gcc;dl]
  implicit dirs: [/Users/zhoubo/Library/Android/sdk/ndk/21.1.6352462/toolchains/llvm/prebuilt/darwin-x86_64/lib64/clang/9.0.8/lib/linux/aarch64;/Users/zhoubo/Library/Android/sdk/ndk/21.1.6352462/toolchains/llvm/prebuilt/darwin-x86_64/lib/gcc/aarch64-linux-android/4.9.x;/Users/zhoubo/Library/Android/sdk/ndk/21.1.6352462/toolchains/llvm/prebuilt/darwin-x86_64/aarch64-linux-android/lib64;/Users/zhoubo/Library/Android/sdk/ndk/21.1.6352462/toolchains/llvm/prebuilt/darwin-x86_64/sysroot/usr/lib/aarch64-linux-android/21;/Users/zhoubo/Library/Android/sdk/ndk/21.1.6352462/toolchains/llvm/prebuilt/darwin-x86_64/sysroot/usr/lib/aarch64-linux-android;/Users/zhoubo/Library/Android/sdk/ndk/21.1.6352462/toolchains/llvm/prebuilt/darwin-x86_64/aarch64-linux-android/lib;/Users/zhoubo/Library/Android/sdk/ndk/21.1.6352462/toolchains/llvm/prebuilt/darwin-x86_64/sysroot/usr/lib]
  implicit fwks: []




Detecting C [-std=c11] compiler features compiled with the following output:
Change Dir: /Users/zhoubo/AndroidStudioProjects/AtlasV/matrix/matrix/matrix-android/matrix-memguard/.cxx/cmake/debug/arm64-v8a/CMakeFiles/CMakeTmp

Run Build Command:"/Users/zhoubo/Library/Android/sdk/cmake/3.10.2.4988404/bin/ninja" "cmTC_c81c7"
[1/2] Building C object CMakeFiles/cmTC_c81c7.dir/feature_tests.c.o
[2/2] Linking C executable cmTC_c81c7


    Feature record: C_FEATURE:1c_function_prototypes
    Feature record: C_FEATURE:1c_restrict
    Feature record: C_FEATURE:1c_static_assert
    Feature record: C_FEATURE:1c_variadic_macros


Detecting C [-std=c99] compiler features compiled with the following output:
Change Dir: /Users/zhoubo/AndroidStudioProjects/AtlasV/matrix/matrix/matrix-android/matrix-memguard/.cxx/cmake/debug/arm64-v8a/CMakeFiles/CMakeTmp

Run Build Command:"/Users/zhoubo/Library/Android/sdk/cmake/3.10.2.4988404/bin/ninja" "cmTC_bb571"
[1/2] Building C object CMakeFiles/cmTC_bb571.dir/feature_tests.c.o
[2/2] Linking C executable cmTC_bb571


    Feature record: C_FEATURE:1c_function_prototypes
    Feature record: C_FEATURE:1c_restrict
    Feature record: C_FEATURE:0c_static_assert
    Feature record: C_FEATURE:1c_variadic_macros


Detecting C [-std=c90] compiler features compiled with the following output:
Change Dir: /Users/zhoubo/AndroidStudioProjects/AtlasV/matrix/matrix/matrix-android/matrix-memguard/.cxx/cmake/debug/arm64-v8a/CMakeFiles/CMakeTmp

Run Build Command:"/Users/zhoubo/Library/Android/sdk/cmake/3.10.2.4988404/bin/ninja" "cmTC_bd938"
[1/2] Building C object CMakeFiles/cmTC_bd938.dir/feature_tests.c.o
[2/2] Linking C executable cmTC_bd938


    Feature record: C_FEATURE:1c_function_prototypes
    Feature record: C_FEATURE:0c_restrict
    Feature record: C_FEATURE:0c_static_assert
    Feature record: C_FEATURE:0c_variadic_macros
Determining if the CXX compiler works passed with the following output:
Change Dir: /Users/zhoubo/AndroidStudioProjects/AtlasV/matrix/matrix/matrix-android/matrix-memguard/.cxx/cmake/debug/arm64-v8a/CMakeFiles/CMakeTmp

Run Build Command:"/Users/zhoubo/Library/Android/sdk/cmake/3.10.2.4988404/bin/ninja" "cmTC_fa026"
[1/2] Building CXX object CMakeFiles/cmTC_fa026.dir/testCXXCompiler.cxx.o
[2/2] Linking CXX executable cmTC_fa026


Detecting CXX compiler ABI info compiled with the following output:
Change Dir: /Users/zhoubo/AndroidStudioProjects/AtlasV/matrix/matrix/matrix-android/matrix-memguard/.cxx/cmake/debug/arm64-v8a/CMakeFiles/CMakeTmp

Run Build Command:"/Users/zhoubo/Library/Android/sdk/cmake/3.10.2.4988404/bin/ninja" "cmTC_692e0"
[1/2] Building CXX object CMakeFiles/cmTC_692e0.dir/CMakeCXXCompilerABI.cpp.o
[2/2] Linking CXX executable cmTC_692e0
Android (6317467 based on r365631c1) clang version 9.0.8 (https://android.googlesource.com/toolchain/llvm-project e0caee08e5f09b374a27a676d04978c81fcb1928) (based on LLVM 9.0.8svn)
Target: aarch64-none-linux-android21
Thread model: posix
InstalledDir: /Users/zhoubo/Library/Android/sdk/ndk/21.1.6352462/toolchains/llvm/prebuilt/darwin-x86_64/bin
Found candidate GCC installation: /Users/zhoubo/Library/Android/sdk/ndk/21.1.6352462/toolchains/llvm/prebuilt/darwin-x86_64/lib/gcc/aarch64-linux-android/4.9.x
Selected GCC installation: /Users/zhoubo/Library/Android/sdk/ndk/21.1.6352462/toolchains/llvm/prebuilt/darwin-x86_64/lib/gcc/aarch64-linux-android/4.9.x
Candidate multilib: .;@m64
Selected multilib: .;@m64
 "/Users/zhoubo/Library/Android/sdk/ndk/21.1.6352462/toolchains/llvm/prebuilt/darwin-x86_64/lib/gcc/aarch64-linux-android/4.9.x/../../../../aarch64-linux-android/bin/ld" --sysroot=/Users/zhoubo/Library/Android/sdk/ndk/21.1.6352462/toolchains/llvm/prebuilt/darwin-x86_64/sysroot -pie -z noexecstack -EL --fix-cortex-a53-843419 --warn-shared-textrel -z now -z relro -z max-page-size=4096 --hash-style=both --enable-new-dtags --eh-frame-hdr -m aarch64linux -dynamic-linker /system/bin/linker64 -o cmTC_692e0 /Users/zhoubo/Library/Android/sdk/ndk/21.1.6352462/toolchains/llvm/prebuilt/darwin-x86_64/sysroot/usr/lib/aarch64-linux-android/21/crtbegin_dynamic.o -L/Users/zhoubo/Library/Android/sdk/ndk/21.1.6352462/toolchains/llvm/prebuilt/darwin-x86_64/lib64/clang/9.0.8/lib/linux/aarch64 -L/Users/zhoubo/Library/Android/sdk/ndk/21.1.6352462/toolchains/llvm/prebuilt/darwin-x86_64/lib/gcc/aarch64-linux-android/4.9.x -L/Users/zhoubo/Library/Android/sdk/ndk/21.1.6352462/toolchains/llvm/prebuilt/darwin-x86_64/lib/gcc/aarch64-linux-android/4.9.x/../../../../aarch64-linux-android/lib/../lib64 -L/Users/zhoubo/Library/Android/sdk/ndk/21.1.6352462/toolchains/llvm/prebuilt/darwin-x86_64/sysroot/usr/lib/aarch64-linux-android/21 -L/Users/zhoubo/Library/Android/sdk/ndk/21.1.6352462/toolchains/llvm/prebuilt/darwin-x86_64/sysroot/usr/lib/aarch64-linux-android -L/Users/zhoubo/Library/Android/sdk/ndk/21.1.6352462/toolchains/llvm/prebuilt/darwin-x86_64/lib/gcc/aarch64-linux-android/4.9.x/../../../../aarch64-linux-android/lib -L/Users/zhoubo/Library/Android/sdk/ndk/21.1.6352462/toolchains/llvm/prebuilt/darwin-x86_64/sysroot/usr/lib --exclude-libs libgcc.a --exclude-libs libgcc_real.a --exclude-libs libatomic.a --build-id --fatal-warnings --no-undefined --gc-sections CMakeFiles/cmTC_692e0.dir/CMakeCXXCompilerABI.cpp.o -lc++ -lm -lgcc -ldl -lc -lgcc -ldl /Users/zhoubo/Library/Android/sdk/ndk/21.1.6352462/toolchains/llvm/prebuilt/darwin-x86_64/sysroot/usr/lib/aarch64-linux-android/21/crtend_android.o


Parsed CXX implicit link information from above output:
  link line regex: [^( *|.*[/\])(aarch64-linux-android-ld|CMAKE_LINK_STARTFILE-NOTFOUND|([^/\]+-)?ld|collect2)[^/\]*( |$)]
  ignore line: [Change Dir: /Users/zhoubo/AndroidStudioProjects/AtlasV/matrix/matrix/matrix-android/matrix-memguard/.cxx/cmake/debug/arm64-v8a/CMakeFiles/CMakeTmp]
  ignore line: []
  ignore line: [Run Build Command:"/Users/zhoubo/Library/Android/sdk/cmake/3.10.2.4988404/bin/ninja" "cmTC_692e0"]
  ignore line: [[1/2] Building CXX object CMakeFiles/cmTC_692e0.dir/CMakeCXXCompilerABI.cpp.o]
  ignore line: [[2/2] Linking CXX executable cmTC_692e0]
  ignore line: [Android (6317467 based on r365631c1) clang version 9.0.8 (https://android.googlesource.com/toolchain/llvm-project e0caee08e5f09b374a27a676d04978c81fcb1928) (based on LLVM 9.0.8svn)]
  ignore line: [Target: aarch64-none-linux-android21]
  ignore line: [Thread model: posix]
  ignore line: [InstalledDir: /Users/zhoubo/Library/Android/sdk/ndk/21.1.6352462/toolchains/llvm/prebuilt/darwin-x86_64/bin]
  ignore line: [Found candidate GCC installation: /Users/zhoubo/Library/Android/sdk/ndk/21.1.6352462/toolchains/llvm/prebuilt/darwin-x86_64/lib/gcc/aarch64-linux-android/4.9.x]
  ignore line: [Selected GCC installation: /Users/zhoubo/Library/Android/sdk/ndk/21.1.6352462/toolchains/llvm/prebuilt/darwin-x86_64/lib/gcc/aarch64-linux-android/4.9.x]
  ignore line: [Candidate multilib: .]
  ignore line: [@m64]
  ignore line: [Selected multilib: .]
  ignore line: [@m64]
  link line: [ "/Users/zhoubo/Library/Android/sdk/ndk/21.1.6352462/toolchains/llvm/prebuilt/darwin-x86_64/lib/gcc/aarch64-linux-android/4.9.x/../../../../aarch64-linux-android/bin/ld" --sysroot=/Users/zhoubo/Library/Android/sdk/ndk/21.1.6352462/toolchains/llvm/prebuilt/darwin-x86_64/sysroot -pie -z noexecstack -EL --fix-cortex-a53-843419 --warn-shared-textrel -z now -z relro -z max-page-size=4096 --hash-style=both --enable-new-dtags --eh-frame-hdr -m aarch64linux -dynamic-linker /system/bin/linker64 -o cmTC_692e0 /Users/zhoubo/Library/Android/sdk/ndk/21.1.6352462/toolchains/llvm/prebuilt/darwin-x86_64/sysroot/usr/lib/aarch64-linux-android/21/crtbegin_dynamic.o -L/Users/zhoubo/Library/Android/sdk/ndk/21.1.6352462/toolchains/llvm/prebuilt/darwin-x86_64/lib64/clang/9.0.8/lib/linux/aarch64 -L/Users/zhoubo/Library/Android/sdk/ndk/21.1.6352462/toolchains/llvm/prebuilt/darwin-x86_64/lib/gcc/aarch64-linux-android/4.9.x -L/Users/zhoubo/Library/Android/sdk/ndk/21.1.6352462/toolchains/llvm/prebuilt/darwin-x86_64/lib/gcc/aarch64-linux-android/4.9.x/../../../../aarch64-linux-android/lib/../lib64 -L/Users/zhoubo/Library/Android/sdk/ndk/21.1.6352462/toolchains/llvm/prebuilt/darwin-x86_64/sysroot/usr/lib/aarch64-linux-android/21 -L/Users/zhoubo/Library/Android/sdk/ndk/21.1.6352462/toolchains/llvm/prebuilt/darwin-x86_64/sysroot/usr/lib/aarch64-linux-android -L/Users/zhoubo/Library/Android/sdk/ndk/21.1.6352462/toolchains/llvm/prebuilt/darwin-x86_64/lib/gcc/aarch64-linux-android/4.9.x/../../../../aarch64-linux-android/lib -L/Users/zhoubo/Library/Android/sdk/ndk/21.1.6352462/toolchains/llvm/prebuilt/darwin-x86_64/sysroot/usr/lib --exclude-libs libgcc.a --exclude-libs libgcc_real.a --exclude-libs libatomic.a --build-id --fatal-warnings --no-undefined --gc-sections CMakeFiles/cmTC_692e0.dir/CMakeCXXCompilerABI.cpp.o -lc++ -lm -lgcc -ldl -lc -lgcc -ldl /Users/zhoubo/Library/Android/sdk/ndk/21.1.6352462/toolchains/llvm/prebuilt/darwin-x86_64/sysroot/usr/lib/aarch64-linux-android/21/crtend_android.o]
    arg [/Users/zhoubo/Library/Android/sdk/ndk/21.1.6352462/toolchains/llvm/prebuilt/darwin-x86_64/lib/gcc/aarch64-linux-android/4.9.x/../../../../aarch64-linux-android/bin/ld] ==> ignore
    arg [--sysroot=/Users/zhoubo/Library/Android/sdk/ndk/21.1.6352462/toolchains/llvm/prebuilt/darwin-x86_64/sysroot] ==> ignore
    arg [-pie] ==> ignore
    arg [-znoexecstack] ==> ignore
    arg [-EL] ==> ignore
    arg [--fix-cortex-a53-843419] ==> ignore
    arg [--warn-shared-textrel] ==> ignore
    arg [-znow] ==> ignore
    arg [-zrelro] ==> ignore
    arg [-zmax-page-size=4096] ==> ignore
    arg [--hash-style=both] ==> ignore
    arg [--enable-new-dtags] ==> ignore
    arg [--eh-frame-hdr] ==> ignore
    arg [-m] ==> ignore
    arg [aarch64linux] ==> ignore
    arg [-dynamic-linker] ==> ignore
    arg [/system/bin/linker64] ==> ignore
    arg [-o] ==> ignore
    arg [cmTC_692e0] ==> ignore
    arg [/Users/zhoubo/Library/Android/sdk/ndk/21.1.6352462/toolchains/llvm/prebuilt/darwin-x86_64/sysroot/usr/lib/aarch64-linux-android/21/crtbegin_dynamic.o] ==> ignore
    arg [-L/Users/zhoubo/Library/Android/sdk/ndk/21.1.6352462/toolchains/llvm/prebuilt/darwin-x86_64/lib64/clang/9.0.8/lib/linux/aarch64] ==> dir [/Users/zhoubo/Library/Android/sdk/ndk/21.1.6352462/toolchains/llvm/prebuilt/darwin-x86_64/lib64/clang/9.0.8/lib/linux/aarch64]
    arg [-L/Users/zhoubo/Library/Android/sdk/ndk/21.1.6352462/toolchains/llvm/prebuilt/darwin-x86_64/lib/gcc/aarch64-linux-android/4.9.x] ==> dir [/Users/zhoubo/Library/Android/sdk/ndk/21.1.6352462/toolchains/llvm/prebuilt/darwin-x86_64/lib/gcc/aarch64-linux-android/4.9.x]
    arg [-L/Users/zhoubo/Library/Android/sdk/ndk/21.1.6352462/toolchains/llvm/prebuilt/darwin-x86_64/lib/gcc/aarch64-linux-android/4.9.x/../../../../aarch64-linux-android/lib/../lib64] ==> dir [/Users/zhoubo/Library/Android/sdk/ndk/21.1.6352462/toolchains/llvm/prebuilt/darwin-x86_64/lib/gcc/aarch64-linux-android/4.9.x/../../../../aarch64-linux-android/lib/../lib64]
    arg [-L/Users/zhoubo/Library/Android/sdk/ndk/21.1.6352462/toolchains/llvm/prebuilt/darwin-x86_64/sysroot/usr/lib/aarch64-linux-android/21] ==> dir [/Users/zhoubo/Library/Android/sdk/ndk/21.1.6352462/toolchains/llvm/prebuilt/darwin-x86_64/sysroot/usr/lib/aarch64-linux-android/21]
    arg [-L/Users/zhoubo/Library/Android/sdk/ndk/21.1.6352462/toolchains/llvm/prebuilt/darwin-x86_64/sysroot/usr/lib/aarch64-linux-android] ==> dir [/Users/zhoubo/Library/Android/sdk/ndk/21.1.6352462/toolchains/llvm/prebuilt/darwin-x86_64/sysroot/usr/lib/aarch64-linux-android]
    arg [-L/Users/zhoubo/Library/Android/sdk/ndk/21.1.6352462/toolchains/llvm/prebuilt/darwin-x86_64/lib/gcc/aarch64-linux-android/4.9.x/../../../../aarch64-linux-android/lib] ==> dir [/Users/zhoubo/Library/Android/sdk/ndk/21.1.6352462/toolchains/llvm/prebuilt/darwin-x86_64/lib/gcc/aarch64-linux-android/4.9.x/../../../../aarch64-linux-android/lib]
    arg [-L/Users/zhoubo/Library/Android/sdk/ndk/21.1.6352462/toolchains/llvm/prebuilt/darwin-x86_64/sysroot/usr/lib] ==> dir [/Users/zhoubo/Library/Android/sdk/ndk/21.1.6352462/toolchains/llvm/prebuilt/darwin-x86_64/sysroot/usr/lib]
    arg [--exclude-libs] ==> ignore
    arg [libgcc.a] ==> ignore
    arg [--exclude-libs] ==> ignore
    arg [libgcc_real.a] ==> ignore
    arg [--exclude-libs] ==> ignore
    arg [libatomic.a] ==> ignore
    arg [--build-id] ==> ignore
    arg [--fatal-warnings] ==> ignore
    arg [--no-undefined] ==> ignore
    arg [--gc-sections] ==> ignore
    arg [CMakeFiles/cmTC_692e0.dir/CMakeCXXCompilerABI.cpp.o] ==> ignore
    arg [-lc++] ==> lib [c++]
    arg [-lm] ==> lib [m]
    arg [-lgcc] ==> lib [gcc]
    arg [-ldl] ==> lib [dl]
    arg [-lc] ==> lib [c]
    arg [-lgcc] ==> lib [gcc]
    arg [-ldl] ==> lib [dl]
    arg [/Users/zhoubo/Library/Android/sdk/ndk/21.1.6352462/toolchains/llvm/prebuilt/darwin-x86_64/sysroot/usr/lib/aarch64-linux-android/21/crtend_android.o] ==> ignore
  collapse library dir [/Users/zhoubo/Library/Android/sdk/ndk/21.1.6352462/toolchains/llvm/prebuilt/darwin-x86_64/lib64/clang/9.0.8/lib/linux/aarch64] ==> [/Users/zhoubo/Library/Android/sdk/ndk/21.1.6352462/toolchains/llvm/prebuilt/darwin-x86_64/lib64/clang/9.0.8/lib/linux/aarch64]
  collapse library dir [/Users/zhoubo/Library/Android/sdk/ndk/21.1.6352462/toolchains/llvm/prebuilt/darwin-x86_64/lib/gcc/aarch64-linux-android/4.9.x] ==> [/Users/zhoubo/Library/Android/sdk/ndk/21.1.6352462/toolchains/llvm/prebuilt/darwin-x86_64/lib/gcc/aarch64-linux-android/4.9.x]
  collapse library dir [/Users/zhoubo/Library/Android/sdk/ndk/21.1.6352462/toolchains/llvm/prebuilt/darwin-x86_64/lib/gcc/aarch64-linux-android/4.9.x/../../../../aarch64-linux-android/lib/../lib64] ==> [/Users/zhoubo/Library/Android/sdk/ndk/21.1.6352462/toolchains/llvm/prebuilt/darwin-x86_64/aarch64-linux-android/lib64]
  collapse library dir [/Users/zhoubo/Library/Android/sdk/ndk/21.1.6352462/toolchains/llvm/prebuilt/darwin-x86_64/sysroot/usr/lib/aarch64-linux-android/21] ==> [/Users/zhoubo/Library/Android/sdk/ndk/21.1.6352462/toolchains/llvm/prebuilt/darwin-x86_64/sysroot/usr/lib/aarch64-linux-android/21]
  collapse library dir [/Users/zhoubo/Library/Android/sdk/ndk/21.1.6352462/toolchains/llvm/prebuilt/darwin-x86_64/sysroot/usr/lib/aarch64-linux-android] ==> [/Users/zhoubo/Library/Android/sdk/ndk/21.1.6352462/toolchains/llvm/prebuilt/darwin-x86_64/sysroot/usr/lib/aarch64-linux-android]
  collapse library dir [/Users/zhoubo/Library/Android/sdk/ndk/21.1.6352462/toolchains/llvm/prebuilt/darwin-x86_64/lib/gcc/aarch64-linux-android/4.9.x/../../../../aarch64-linux-android/lib] ==> [/Users/zhoubo/Library/Android/sdk/ndk/21.1.6352462/toolchains/llvm/prebuilt/darwin-x86_64/aarch64-linux-android/lib]
  collapse library dir [/Users/zhoubo/Library/Android/sdk/ndk/21.1.6352462/toolchains/llvm/prebuilt/darwin-x86_64/sysroot/usr/lib] ==> [/Users/zhoubo/Library/Android/sdk/ndk/21.1.6352462/toolchains/llvm/prebuilt/darwin-x86_64/sysroot/usr/lib]
  implicit libs: [c++;m;gcc;dl;c;gcc;dl]
  implicit dirs: [/Users/zhoubo/Library/Android/sdk/ndk/21.1.6352462/toolchains/llvm/prebuilt/darwin-x86_64/lib64/clang/9.0.8/lib/linux/aarch64;/Users/zhoubo/Library/Android/sdk/ndk/21.1.6352462/toolchains/llvm/prebuilt/darwin-x86_64/lib/gcc/aarch64-linux-android/4.9.x;/Users/zhoubo/Library/Android/sdk/ndk/21.1.6352462/toolchains/llvm/prebuilt/darwin-x86_64/aarch64-linux-android/lib64;/Users/zhoubo/Library/Android/sdk/ndk/21.1.6352462/toolchains/llvm/prebuilt/darwin-x86_64/sysroot/usr/lib/aarch64-linux-android/21;/Users/zhoubo/Library/Android/sdk/ndk/21.1.6352462/toolchains/llvm/prebuilt/darwin-x86_64/sysroot/usr/lib/aarch64-linux-android;/Users/zhoubo/Library/Android/sdk/ndk/21.1.6352462/toolchains/llvm/prebuilt/darwin-x86_64/aarch64-linux-android/lib;/Users/zhoubo/Library/Android/sdk/ndk/21.1.6352462/toolchains/llvm/prebuilt/darwin-x86_64/sysroot/usr/lib]
  implicit fwks: []




Detecting CXX [-std=c++1z] compiler features compiled with the following output:
Change Dir: /Users/zhoubo/AndroidStudioProjects/AtlasV/matrix/matrix/matrix-android/matrix-memguard/.cxx/cmake/debug/arm64-v8a/CMakeFiles/CMakeTmp

Run Build Command:"/Users/zhoubo/Library/Android/sdk/cmake/3.10.2.4988404/bin/ninja" "cmTC_e6c0e"
[1/2] Building CXX object CMakeFiles/cmTC_e6c0e.dir/feature_tests.cxx.o
[2/2] Linking CXX executable cmTC_e6c0e


    Feature record: CXX_FEATURE:1cxx_aggregate_default_initializers
    Feature record: CXX_FEATURE:1cxx_alias_templates
    Feature record: CXX_FEATURE:1cxx_alignas
    Feature record: CXX_FEATURE:1cxx_alignof
    Feature record: CXX_FEATURE:1cxx_attributes
    Feature record: CXX_FEATURE:1cxx_attribute_deprecated
    Feature record: CXX_FEATURE:1cxx_auto_type
    Feature record: CXX_FEATURE:1cxx_binary_literals
    Feature record: CXX_FEATURE:1cxx_constexpr
    Feature record: CXX_FEATURE:1cxx_contextual_conversions
    Feature record: CXX_FEATURE:1cxx_decltype
    Feature record: CXX_FEATURE:1cxx_decltype_auto
    Feature record: CXX_FEATURE:1cxx_decltype_incomplete_return_types
    Feature record: CXX_FEATURE:1cxx_default_function_template_args
    Feature record: CXX_FEATURE:1cxx_defaulted_functions
    Feature record: CXX_FEATURE:1cxx_defaulted_move_initializers
    Feature record: CXX_FEATURE:1cxx_delegating_constructors
    Feature record: CXX_FEATURE:1cxx_deleted_functions
    Feature record: CXX_FEATURE:1cxx_digit_separators
    Feature record: CXX_FEATURE:1cxx_enum_forward_declarations
    Feature record: CXX_FEATURE:1cxx_explicit_conversions
    Feature record: CXX_FEATURE:1cxx_extended_friend_declarations
    Feature record: CXX_FEATURE:1cxx_extern_templates
    Feature record: CXX_FEATURE:1cxx_final
    Feature record: CXX_FEATURE:1cxx_func_identifier
    Feature record: CXX_FEATURE:1cxx_generalized_initializers
    Feature record: CXX_FEATURE:1cxx_generic_lambdas
    Feature record: CXX_FEATURE:1cxx_inheriting_constructors
    Feature record: CXX_FEATURE:1cxx_inline_namespaces
    Feature record: CXX_FEATURE:1cxx_lambdas
    Feature record: CXX_FEATURE:1cxx_lambda_init_captures
    Feature record: CXX_FEATURE:1cxx_local_type_template_args
    Feature record: CXX_FEATURE:1cxx_long_long_type
    Feature record: CXX_FEATURE:1cxx_noexcept
    Feature record: CXX_FEATURE:1cxx_nonstatic_member_init
    Feature record: CXX_FEATURE:1cxx_nullptr
    Feature record: CXX_FEATURE:1cxx_override
    Feature record: CXX_FEATURE:1cxx_range_for
    Feature record: CXX_FEATURE:1cxx_raw_string_literals
    Feature record: CXX_FEATURE:1cxx_reference_qualified_functions
    Feature record: CXX_FEATURE:1cxx_relaxed_constexpr
    Feature record: CXX_FEATURE:1cxx_return_type_deduction
    Feature record: CXX_FEATURE:1cxx_right_angle_brackets
    Feature record: CXX_FEATURE:1cxx_rvalue_references
    Feature record: CXX_FEATURE:1cxx_sizeof_member
    Feature record: CXX_FEATURE:1cxx_static_assert
    Feature record: CXX_FEATURE:1cxx_strong_enums
    Feature record: CXX_FEATURE:1cxx_template_template_parameters
    Feature record: CXX_FEATURE:1cxx_thread_local
    Feature record: CXX_FEATURE:1cxx_trailing_return_types
    Feature record: CXX_FEATURE:1cxx_unicode_literals
    Feature record: CXX_FEATURE:1cxx_uniform_initialization
    Feature record: CXX_FEATURE:1cxx_unrestricted_unions
    Feature record: CXX_FEATURE:1cxx_user_literals
    Feature record: CXX_FEATURE:1cxx_variable_templates
    Feature record: CXX_FEATURE:1cxx_variadic_macros
    Feature record: CXX_FEATURE:1cxx_variadic_templates


Detecting CXX [-std=c++14] compiler features compiled with the following output:
Change Dir: /Users/zhoubo/AndroidStudioProjects/AtlasV/matrix/matrix/matrix-android/matrix-memguard/.cxx/cmake/debug/arm64-v8a/CMakeFiles/CMakeTmp

Run Build Command:"/Users/zhoubo/Library/Android/sdk/cmake/3.10.2.4988404/bin/ninja" "cmTC_46dd3"
[1/2] Building CXX object CMakeFiles/cmTC_46dd3.dir/feature_tests.cxx.o
[2/2] Linking CXX executable cmTC_46dd3


    Feature record: CXX_FEATURE:1cxx_aggregate_default_initializers
    Feature record: CXX_FEATURE:1cxx_alias_templates
    Feature record: CXX_FEATURE:1cxx_alignas
    Feature record: CXX_FEATURE:1cxx_alignof
    Feature record: CXX_FEATURE:1cxx_attributes
    Feature record: CXX_FEATURE:1cxx_attribute_deprecated
    Feature record: CXX_FEATURE:1cxx_auto_type
    Feature record: CXX_FEATURE:1cxx_binary_literals
    Feature record: CXX_FEATURE:1cxx_constexpr
    Feature record: CXX_FEATURE:1cxx_contextual_conversions
    Feature record: CXX_FEATURE:1cxx_decltype
    Feature record: CXX_FEATURE:1cxx_decltype_auto
    Feature record: CXX_FEATURE:1cxx_decltype_incomplete_return_types
    Feature record: CXX_FEATURE:1cxx_default_function_template_args
    Feature record: CXX_FEATURE:1cxx_defaulted_functions
    Feature record: CXX_FEATURE:1cxx_defaulted_move_initializers
    Feature record: CXX_FEATURE:1cxx_delegating_constructors
    Feature record: CXX_FEATURE:1cxx_deleted_functions
    Feature record: CXX_FEATURE:1cxx_digit_separators
    Feature record: CXX_FEATURE:1cxx_enum_forward_declarations
    Feature record: CXX_FEATURE:1cxx_explicit_conversions
    Feature record: CXX_FEATURE:1cxx_extended_friend_declarations
    Feature record: CXX_FEATURE:1cxx_extern_templates
    Feature record: CXX_FEATURE:1cxx_final
    Feature record: CXX_FEATURE:1cxx_func_identifier
    Feature record: CXX_FEATURE:1cxx_generalized_initializers
    Feature record: CXX_FEATURE:1cxx_generic_lambdas
    Feature record: CXX_FEATURE:1cxx_inheriting_constructors
    Feature record: CXX_FEATURE:1cxx_inline_namespaces
    Feature record: CXX_FEATURE:1cxx_lambdas
    Feature record: CXX_FEATURE:1cxx_lambda_init_captures
    Feature record: CXX_FEATURE:1cxx_local_type_template_args
    Feature record: CXX_FEATURE:1cxx_long_long_type
    Feature record: CXX_FEATURE:1cxx_noexcept
    Feature record: CXX_FEATURE:1cxx_nonstatic_member_init
    Feature record: CXX_FEATURE:1cxx_nullptr
    Feature record: CXX_FEATURE:1cxx_override
    Feature record: CXX_FEATURE:1cxx_range_for
    Feature record: CXX_FEATURE:1cxx_raw_string_literals
    Feature record: CXX_FEATURE:1cxx_reference_qualified_functions
    Feature record: CXX_FEATURE:1cxx_relaxed_constexpr
    Feature record: CXX_FEATURE:1cxx_return_type_deduction
    Feature record: CXX_FEATURE:1cxx_right_angle_brackets
    Feature record: CXX_FEATURE:1cxx_rvalue_references
    Feature record: CXX_FEATURE:1cxx_sizeof_member
    Feature record: CXX_FEATURE:1cxx_static_assert
    Feature record: CXX_FEATURE:1cxx_strong_enums
    Feature record: CXX_FEATURE:1cxx_template_template_parameters
    Feature record: CXX_FEATURE:1cxx_thread_local
    Feature record: CXX_FEATURE:1cxx_trailing_return_types
    Feature record: CXX_FEATURE:1cxx_unicode_literals
    Feature record: CXX_FEATURE:1cxx_uniform_initialization
    Feature record: CXX_FEATURE:1cxx_unrestricted_unions
    Feature record: CXX_FEATURE:1cxx_user_literals
    Feature record: CXX_FEATURE:1cxx_variable_templates
    Feature record: CXX_FEATURE:1cxx_variadic_macros
    Feature record: CXX_FEATURE:1cxx_variadic_templates


Detecting CXX [-std=c++11] compiler features compiled with the following output:
Change Dir: /Users/zhoubo/AndroidStudioProjects/AtlasV/matrix/matrix/matrix-android/matrix-memguard/.cxx/cmake/debug/arm64-v8a/CMakeFiles/CMakeTmp

Run Build Command:"/Users/zhoubo/Library/Android/sdk/cmake/3.10.2.4988404/bin/ninja" "cmTC_992dd"
[1/2] Building CXX object CMakeFiles/cmTC_992dd.dir/feature_tests.cxx.o
[2/2] Linking CXX executable cmTC_992dd


    Feature record: CXX_FEATURE:0cxx_aggregate_default_initializers
    Feature record: CXX_FEATURE:1cxx_alias_templates
    Feature record: CXX_FEATURE:1cxx_alignas
    Feature record: CXX_FEATURE:1cxx_alignof
    Feature record: CXX_FEATURE:1cxx_attributes
    Feature record: CXX_FEATURE:0cxx_attribute_deprecated
    Feature record: CXX_FEATURE:1cxx_auto_type
    Feature record: CXX_FEATURE:0cxx_binary_literals
    Feature record: CXX_FEATURE:1cxx_constexpr
    Feature record: CXX_FEATURE:0cxx_contextual_conversions
    Feature record: CXX_FEATURE:1cxx_decltype
    Feature record: CXX_FEATURE:0cxx_decltype_auto
    Feature record: CXX_FEATURE:1cxx_decltype_incomplete_return_types
    Feature record: CXX_FEATURE:1cxx_default_function_template_args
    Feature record: CXX_FEATURE:1cxx_defaulted_functions
    Feature record: CXX_FEATURE:1cxx_defaulted_move_initializers
    Feature record: CXX_FEATURE:1cxx_delegating_constructors
    Feature record: CXX_FEATURE:1cxx_deleted_functions
    Feature record: CXX_FEATURE:0cxx_digit_separators
    Feature record: CXX_FEATURE:1cxx_enum_forward_declarations
    Feature record: CXX_FEATURE:1cxx_explicit_conversions
    Feature record: CXX_FEATURE:1cxx_extended_friend_declarations
    Feature record: CXX_FEATURE:1cxx_extern_templates
    Feature record: CXX_FEATURE:1cxx_final
    Feature record: CXX_FEATURE:1cxx_func_identifier
    Feature record: CXX_FEATURE:1cxx_generalized_initializers
    Feature record: CXX_FEATURE:0cxx_generic_lambdas
    Feature record: CXX_FEATURE:1cxx_inheriting_constructors
    Feature record: CXX_FEATURE:1cxx_inline_namespaces
    Feature record: CXX_FEATURE:1cxx_lambdas
    Feature record: CXX_FEATURE:0cxx_lambda_init_captures
    Feature record: CXX_FEATURE:1cxx_local_type_template_args
    Feature record: CXX_FEATURE:1cxx_long_long_type
    Feature record: CXX_FEATURE:1cxx_noexcept
    Feature record: CXX_FEATURE:1cxx_nonstatic_member_init
    Feature record: CXX_FEATURE:1cxx_nullptr
    Feature record: CXX_FEATURE:1cxx_override
    Feature record: CXX_FEATURE:1cxx_range_for
    Feature record: CXX_FEATURE:1cxx_raw_string_literals
    Feature record: CXX_FEATURE:1cxx_reference_qualified_functions
    Feature record: CXX_FEATURE:0cxx_relaxed_constexpr
    Feature record: CXX_FEATURE:0cxx_return_type_deduction
    Feature record: CXX_FEATURE:1cxx_right_angle_brackets
    Feature record: CXX_FEATURE:1cxx_rvalue_references
    Feature record: CXX_FEATURE:1cxx_sizeof_member
    Feature record: CXX_FEATURE:1cxx_static_assert
    Feature record: CXX_FEATURE:1cxx_strong_enums
    Feature record: CXX_FEATURE:1cxx_template_template_parameters
    Feature record: CXX_FEATURE:1cxx_thread_local
    Feature record: CXX_FEATURE:1cxx_trailing_return_types
    Feature record: CXX_FEATURE:1cxx_unicode_literals
    Feature record: CXX_FEATURE:1cxx_uniform_initialization
    Feature record: CXX_FEATURE:1cxx_unrestricted_unions
    Feature record: CXX_FEATURE:1cxx_user_literals
    Feature record: CXX_FEATURE:0cxx_variable_templates
    Feature record: CXX_FEATURE:1cxx_variadic_macros
    Feature record: CXX_FEATURE:1cxx_variadic_templates


Detecting CXX [-std=c++98] compiler features compiled with the following output:
Change Dir: /Users/zhoubo/AndroidStudioProjects/AtlasV/matrix/matrix/matrix-android/matrix-memguard/.cxx/cmake/debug/arm64-v8a/CMakeFiles/CMakeTmp

Run Build Command:"/Users/zhoubo/Library/Android/sdk/cmake/3.10.2.4988404/bin/ninja" "cmTC_d0f34"
[1/2] Building CXX object CMakeFiles/cmTC_d0f34.dir/feature_tests.cxx.o
[2/2] Linking CXX executable cmTC_d0f34


    Feature record: CXX_FEATURE:0cxx_aggregate_default_initializers
    Feature record: CXX_FEATURE:0cxx_alias_templates
    Feature record: CXX_FEATURE:0cxx_alignas
    Feature record: CXX_FEATURE:0cxx_alignof
    Feature record: CXX_FEATURE:0cxx_attributes
    Feature record: CXX_FEATURE:0cxx_attribute_deprecated
    Feature record: CXX_FEATURE:0cxx_auto_type
    Feature record: CXX_FEATURE:0cxx_binary_literals
    Feature record: CXX_FEATURE:0cxx_constexpr
    Feature record: CXX_FEATURE:0cxx_contextual_conversions
    Feature record: CXX_FEATURE:0cxx_decltype
    Feature record: CXX_FEATURE:0cxx_decltype_auto
    Feature record: CXX_FEATURE:0cxx_decltype_incomplete_return_types
    Feature record: CXX_FEATURE:0cxx_default_function_template_args
    Feature record: CXX_FEATURE:0cxx_defaulted_functions
    Feature record: CXX_FEATURE:0cxx_defaulted_move_initializers
    Feature record: CXX_FEATURE:0cxx_delegating_constructors
    Feature record: CXX_FEATURE:0cxx_deleted_functions
    Feature record: CXX_FEATURE:0cxx_digit_separators
    Feature record: CXX_FEATURE:0cxx_enum_forward_declarations
    Feature record: CXX_FEATURE:0cxx_explicit_conversions
    Feature record: CXX_FEATURE:0cxx_extended_friend_declarations
    Feature record: CXX_FEATURE:0cxx_extern_templates
    Feature record: CXX_FEATURE:0cxx_final
    Feature record: CXX_FEATURE:0cxx_func_identifier
    Feature record: CXX_FEATURE:0cxx_generalized_initializers
    Feature record: CXX_FEATURE:0cxx_generic_lambdas
    Feature record: CXX_FEATURE:0cxx_inheriting_constructors
    Feature record: CXX_FEATURE:0cxx_inline_namespaces
    Feature record: CXX_FEATURE:0cxx_lambdas
    Feature record: CXX_FEATURE:0cxx_lambda_init_captures
    Feature record: CXX_FEATURE:0cxx_local_type_template_args
    Feature record: CXX_FEATURE:0cxx_long_long_type
    Feature record: CXX_FEATURE:0cxx_noexcept
    Feature record: CXX_FEATURE:0cxx_nonstatic_member_init
    Feature record: CXX_FEATURE:0cxx_nullptr
    Feature record: CXX_FEATURE:0cxx_override
    Feature record: CXX_FEATURE:0cxx_range_for
    Feature record: CXX_FEATURE:0cxx_raw_string_literals
    Feature record: CXX_FEATURE:0cxx_reference_qualified_functions
    Feature record: CXX_FEATURE:0cxx_relaxed_constexpr
    Feature record: CXX_FEATURE:0cxx_return_type_deduction
    Feature record: CXX_FEATURE:0cxx_right_angle_brackets
    Feature record: CXX_FEATURE:0cxx_rvalue_references
    Feature record: CXX_FEATURE:0cxx_sizeof_member
    Feature record: CXX_FEATURE:0cxx_static_assert
    Feature record: CXX_FEATURE:0cxx_strong_enums
    Feature record: CXX_FEATURE:1cxx_template_template_parameters
    Feature record: CXX_FEATURE:0cxx_thread_local
    Feature record: CXX_FEATURE:0cxx_trailing_return_types
    Feature record: CXX_FEATURE:0cxx_unicode_literals
    Feature record: CXX_FEATURE:0cxx_uniform_initialization
    Feature record: CXX_FEATURE:0cxx_unrestricted_unions
    Feature record: CXX_FEATURE:0cxx_user_literals
    Feature record: CXX_FEATURE:0cxx_variable_templates
    Feature record: CXX_FEATURE:0cxx_variadic_macros
    Feature record: CXX_FEATURE:0cxx_variadic_templates
